18:11:03 http://open.daoqidata.com/wxopen/msg.php?appid=/wx570bc396a51b8ff8&signature=e9984ad20ffeada68fdee58a38e971e6bfe60c42&timestamp=1465294268&nonce=477599244&openid=ozy4qt1eDxSxzCr0aNT0mXCWfrDE&encrypt_type=aes&msg_signature=fd84df23865ad98397627ae93cdc46b5c3a75ce3
18:11:03 <xml>
    <ToUserName><![CDATA[gh_3c884a361561]]></ToUserName>
    <Encrypt><![CDATA[xyBSywefSfmLNJ9aRDlXvPOUkTc+vDmFaK+tJBaMDjq2xXBl+9aRLYGyioLkeftOpLWZd0ovKAFokWii7PTG7G6N1zrw4ico3rKtA38nFxpwujxdTlzee/9O8vn5PwB09HpZk4LM6ldqYtgM9bF52vtDRUNFZZwfLSO+MH/3eXcyj30H5ZJSfXFsWW/cYHGtsSflZhEsbemCLMbWo3/6lG7+shGevRiRCPZv7H2z9qLcKsq87sughQYAsQtbZKBDEKvzYqbDUDmE/6Fcga9GylU1eggA5GhNTF7/DcuLQQz0kDIGZdGqkTEt0YG6DHxUnja0m6ecLWoaggW2WweEotZlvoZdrjX2gxkT2XlGWHilK9FV9bk5/Grc3nQCs6QIT3ipYGvDRQaGUaSPUlSKwOb0qg1xQZYjkaX7Sv6la7D93TI+A2gt7ERerVOTCBtbHfF5RR4ipYyC5O+5Q9V3m29YO1u7lBsTTdtkbcTsXXre0bt8bSuHVzDjIY0zXazKdfxDwN3riTPDMZ7j4cKoHbLqY6Vfm3iD+4ucSS7KveNH9aTlz+e8Ay1pVwQjSjD5I/0WgZ/XO+n0B+N/e7cOXw==]]></Encrypt>
</xml>

18:11:03 _GET: Key: appid; Value: /wx570bc396a51b8ff8
18:11:03 _GET: Key: signature; Value: e9984ad20ffeada68fdee58a38e971e6bfe60c42
18:11:03 _GET: Key: timestamp; Value: 1465294268
18:11:03 _GET: Key: nonce; Value: 477599244
18:11:03 _GET: Key: openid; Value: ozy4qt1eDxSxzCr0aNT0mXCWfrDE
18:11:03 _GET: Key: encrypt_type; Value: aes
18:11:03 _GET: Key: msg_signature; Value: fd84df23865ad98397627ae93cdc46b5c3a75ce3
18:11:11 http://open.daoqidata.com/wxopen/msg.php?appid=/wx570bc396a51b8ff8&signature=4f23ccd457923c2b4a21e7bf87bc8806018f6b84&timestamp=1465294275&nonce=18013766&openid=ozy4qt1eDxSxzCr0aNT0mXCWfrDE&encrypt_type=aes&msg_signature=597edccfbf458bfb11614fb95151d942088d9dfe
18:11:11 <xml>
    <ToUserName><![CDATA[gh_3c884a361561]]></ToUserName>
    <Encrypt><![CDATA[/jW746dgrdj/6WOMRNzJ+uJ8aC1Xkt+JzwKLLWbGBTNvvZdNb27fcUHWaYFVal9gfyzQyrq9Vj4AW4B+CNmXt5RrrTS+c3VEGFUQRCjFEXB3v5fyDagctEy399Q32VUB4Hmq2IFtwtEANGVWw3oikBmWWxZjF4n2wInz4q/s7CXsyUj9+Wp2OhGom3HJn6780MxvLP27ry+Z/+w5dkktr/hHZ4jZdwr+R8EO3U3QAvpn2WvV0kcHfxdiGdE+i026th5SzCDOrF1hjon55WB7EX8B4JxfeZDBLFtxBEw/zsqeubhPJF/FhhbbRAm/Kno57g42+rR5aM1UkO+99y9DWTmsEPsF7/Qvxu8M8z73B9j2EjyT7fahoDQpvyllAtdnvjYuC0c6NYiipufVpcMtqP6UeXeF5xQG9PJw/CaL/thcYFX0olNdu/69tCuQMe15JLbXo2lipwnNZ0HSxaKJMA==]]></Encrypt>
</xml>

18:11:11 _GET: Key: appid; Value: /wx570bc396a51b8ff8
18:11:11 _GET: Key: signature; Value: 4f23ccd457923c2b4a21e7bf87bc8806018f6b84
18:11:11 _GET: Key: timestamp; Value: 1465294275
18:11:11 _GET: Key: nonce; Value: 18013766
18:11:11 _GET: Key: openid; Value: ozy4qt1eDxSxzCr0aNT0mXCWfrDE
18:11:11 _GET: Key: encrypt_type; Value: aes
18:11:11 _GET: Key: msg_signature; Value: 597edccfbf458bfb11614fb95151d942088d9dfe
18:11:17 http://open.daoqidata.com/wxopen/msg.php?appid=/wx570bc396a51b8ff8&signature=8a3a3e4b148a7f2ec25e14e909895d5b20de8f0f&timestamp=1465294281&nonce=1330430767&openid=ozy4qt1eDxSxzCr0aNT0mXCWfrDE&encrypt_type=aes&msg_signature=ed2715e81a3e8d69b384510f4eb59b33b916ad4c
18:11:17 <xml>
    <ToUserName><![CDATA[gh_3c884a361561]]></ToUserName>
    <Encrypt><![CDATA[n3OUervjfuKgxOmsyorccsSFLONdjdfs2+oky0BRjwwC7AmMWhVD0vpJoKcC4tXkaXgvme49ZcRihJuK+O3qbLrZ8LUP5mBbyREQfcSatv/Lz6tuQk2AIRLIQyLmdyX5OhbgSYJm7xNDLBKZAzU7a1qXFmB3h0oHRaBEkyvn+7NwXZH2ZWNIBuMUmGNFm6J092HVGkPOePt24Tyml/xBSYSFhs7mo3C+I3KD4RBBuy7tM68y0ZJx0lGWz/lUA6scstaBdBkHlj5JyA5+pD7IMmB8ECIzCJXcZ3a28Wn0xXM9Eji742mbT1zf9yhLE5awskRSJTrjNxBoDEkfhILORspYCcN4R+IaNCrOhRxBmQm3NZ+ws/oPODY0ZwXchDUBkwHHkdJ23X9HzOvuIrlO1Ti75TaJrWZHbUnQs96IaHgncOayLw3ShNfb9KmS2Ei9+VTOBeOgyX3kA8axAgCn12ZKbn4x5X5JqbIzYz/2BL/s+/NnQ0cHafY7vSmTntuj]]></Encrypt>
</xml>

18:11:17 _GET: Key: appid; Value: /wx570bc396a51b8ff8
18:11:17 _GET: Key: signature; Value: 8a3a3e4b148a7f2ec25e14e909895d5b20de8f0f
18:11:17 _GET: Key: timestamp; Value: 1465294281
18:11:17 _GET: Key: nonce; Value: 1330430767
18:11:17 _GET: Key: openid; Value: ozy4qt1eDxSxzCr0aNT0mXCWfrDE
18:11:17 _GET: Key: encrypt_type; Value: aes
18:11:17 _GET: Key: msg_signature; Value: ed2715e81a3e8d69b384510f4eb59b33b916ad4c
19:19:46 http://open.daoqidata.com/wxopen/msg.php?appid=/wx570bc396a51b8ff8&signature=1d3ee3f23f2fb8d077ec900357ff19c3a2230b59&timestamp=1465298390&nonce=514196342&openid=ozy4qt1eDxSxzCr0aNT0mXCWfrDE&encrypt_type=aes&msg_signature=274fe5645718ae8e77e37fde6553c50bc7348057
19:19:46 <xml>
    <ToUserName><![CDATA[gh_3c884a361561]]></ToUserName>
    <Encrypt><![CDATA[J7FtOJXzzXC3Du+jSGCc58NzyMsyKmFsNjeE+vgZNV/2GOro2vdgx+K0Uon3FVG5flhJP6bRryWku3K6lImJpaE66tMX/4QvM7FT6s/JXm4X3YHZnvl6nmGg73ZUjCB8ytfDbwVcRZS0/5S87PJ0EoVE4AtubspaouVcnlHfhPwQFxqhmdvYA2dpZ1Ll+l+bbjIPfz5XdNS7FRMi5tBHf4gEyu2b51Y8mJNg1e+ITNyFvBBV/IiH/LjjemHCczYQ4crOjVAOk25G4N/h6tXEhmZU0Qim+nDLXLsQITauZy9jwytoSHNlpwtbWteAGuDKAyMd9/2dN6lv9yuy0gVqbrw6cFCK2Rc5hphX+XROUYJ9pjY2q1wQ8lQPy+k8LDgdImz3OGDBNTjKTadQ7z9f4BMsS3fi+xBzsAMDForsNe454mW6V2s4jWXX1TmryyqqYKnU+sQevhdpk0GVNeIPafprdWBAp59T9nOYYHF77PxFoGQ9lGhpQHzeR5L6Jwsfod46PeJ8OLH1Z1++fydAZqRTWKNxElqh9RSZ96VGX+bMGo+Y+CYMbmkyFXBmiA8/Uo/J9gIqOZz32VMmrPrOBw==]]></Encrypt>
</xml>

19:19:46 _GET: Key: appid; Value: /wx570bc396a51b8ff8
19:19:46 _GET: Key: signature; Value: 1d3ee3f23f2fb8d077ec900357ff19c3a2230b59
19:19:46 _GET: Key: timestamp; Value: 1465298390
19:19:46 _GET: Key: nonce; Value: 514196342
19:19:46 _GET: Key: openid; Value: ozy4qt1eDxSxzCr0aNT0mXCWfrDE
19:19:46 _GET: Key: encrypt_type; Value: aes
19:19:46 _GET: Key: msg_signature; Value: 274fe5645718ae8e77e37fde6553c50bc7348057
19:19:53 http://open.daoqidata.com/wxopen/msg.php?appid=/wx570bc396a51b8ff8&signature=ee71b2d7915ab5d061c0b5f920e21b6789ac7a53&timestamp=1465298397&nonce=667854497&openid=ozy4qt1eDxSxzCr0aNT0mXCWfrDE&encrypt_type=aes&msg_signature=1f31d6601e05ffbf78d68d40d9530e9e3768d2b4
19:19:53 <xml>
    <ToUserName><![CDATA[gh_3c884a361561]]></ToUserName>
    <Encrypt><![CDATA[dE84d2R9TgmTotdP9KFRLM1n/PrS6B5ZrcM9YXYz8y766s+Tr44zh2jyFvqz75jFycqtaTb4hbCdSV7ZCR6f/+dOeIBoIrMmWv5hjTuVmQdyzXtONdMDUmKIMGbiucngNTr7zLXS4hh3uFczWLUvsXCj/kZ84ItQv5ZwiOQOOMR94cLRhTk2IIke5FW4hZFvq/4luRSUoosRN7jTKyhMtJAknkREEp5xnTeeUJEDQvUzCIXWi9hIZ/Owi0R/qdSg+M9rDJTXUikEckyIytHqoG0QTHLhZvXIANVmL59ehFmOlITmuIzjq2YyBbip16v7nshp2skgJZteaU/5IwgZB8CIHjjIGpLF7iz97NQi4ksoWFaacBu3gpPdXWXdHn/sr6PChosC2neQCWHv31JXfxWr3gf7GAS8he2ruiHpIY9BxyPVt1PNoKAqOhIJGU0GmOuQ4hd+RACZ26LB1EFpDA==]]></Encrypt>
</xml>

19:19:53 _GET: Key: appid; Value: /wx570bc396a51b8ff8
19:19:53 _GET: Key: signature; Value: ee71b2d7915ab5d061c0b5f920e21b6789ac7a53
19:19:53 _GET: Key: timestamp; Value: 1465298397
19:19:53 _GET: Key: nonce; Value: 667854497
19:19:53 _GET: Key: openid; Value: ozy4qt1eDxSxzCr0aNT0mXCWfrDE
19:19:53 _GET: Key: encrypt_type; Value: aes
19:19:53 _GET: Key: msg_signature; Value: 1f31d6601e05ffbf78d68d40d9530e9e3768d2b4
19:19:59 http://open.daoqidata.com/wxopen/msg.php?appid=/wx570bc396a51b8ff8&signature=7d272b8078e26131f0bc9cbfcad059ea6f175f52&timestamp=1465298404&nonce=1205029530&openid=ozy4qt1eDxSxzCr0aNT0mXCWfrDE&encrypt_type=aes&msg_signature=1d2316d3503fa972d487ea9b20beda5c127196a3
19:19:59 <xml>
    <ToUserName><![CDATA[gh_3c884a361561]]></ToUserName>
    <Encrypt><![CDATA[1BQGdkuyy7q24fJZp1HPUz5oX2zlsYbGLqGsErLPX4iursadHKL8f35sko5n2XlAS6tMRaqQfzFFZJ7X13iA+9vaWTFX+wXCZ+t8BkmKqn7uHstQ65Tt46rZrOZooaBs8ef6msE7m9e4Kj1DJToTX8Fol6FKn6w0SpWKIBmp/5WXZhzZwN+Zc25gntVBp41rlX2cjMfH0qYLdyBn3yPHjKWDJcOd6D/0tUbriUGflFviYqhhsjgPLkOXGaVEWrnS7Ifz1IRYRvDs7LSaQDZG7Y248NKEYArgiNHu3VW3+PgTVBxzxuurkysEOpNQwqnhEOQifpckxhM+6rAyA0S1gS3A62IH8/NR97eDqlnjMmESrJJ4D8wIF5xelnyjFG0cHZ8gKINEwcMztLmBx8yYxdvBETBmMx5TxvMNjnzPRgmyjgXll5kJBo3TJ2wTs1GThCyawD20YAor7PGaxmHjpNqto39trqIuiUb+gwufYrLJuD/VCsrzSWqt5qJq25zO]]></Encrypt>
</xml>

19:19:59 _GET: Key: appid; Value: /wx570bc396a51b8ff8
19:19:59 _GET: Key: signature; Value: 7d272b8078e26131f0bc9cbfcad059ea6f175f52
19:19:59 _GET: Key: timestamp; Value: 1465298404
19:19:59 _GET: Key: nonce; Value: 1205029530
19:19:59 _GET: Key: openid; Value: ozy4qt1eDxSxzCr0aNT0mXCWfrDE
19:19:59 _GET: Key: encrypt_type; Value: aes
19:19:59 _GET: Key: msg_signature; Value: 1d2316d3503fa972d487ea9b20beda5c127196a3
19:23:20 http://open.daoqidata.com/wxopen/msg.php?appid=/wx570bc396a51b8ff8&signature=fed267212c1491cf55e45b52e14cd02b0b661f6c&timestamp=1465298604&nonce=1151512413&openid=ozy4qt1eDxSxzCr0aNT0mXCWfrDE&encrypt_type=aes&msg_signature=6f01a2de4c937392b2f968d21f323a55bc3bc587
19:23:20 <xml>
    <ToUserName><![CDATA[gh_3c884a361561]]></ToUserName>
    <Encrypt><![CDATA[Nxpepq/bFbRrfSmU1QcpUG/+/7t8QtQpP0elgQQUu/4fOin8qT5larL2OVi4ItcQl4eZO0x5CS4Znrtjs02wTuO9d0WD9aKGNEl98DuTzEpea5lPvbDmt76w6Mt0Oe2eJHPLXsNrF7JpPmPbsxXaKo54N3hom5KKlEp0J1TXXE8q3yBvVWjTxpJMOlXRL6gMgNQtNVHV9vGj9gO31QgcgWjLgzg31b1f6tl0fRbnFfYUwU/KOa4NkoxlPfmoW5DziT/z1LivnWp32e4CeMWD4RwhnOcCaUUUXauiPRHDlY2WDZa9VUWLDb/vFJpnIqHWK7/BN//dt4oOhdTPtA33WZFtZr+Cae6Wk14DbhCJR9kM1PPmrG+aCNWLEXwiPNa40nB7wxNIVsFNbty5z9dhXr3i00HQMjUaGbD93VrsVEG2eFVBFngb33ifuSexvkwmyUli53kGwuXuKydzAFeGVT1x1719vb6zdQmKr09qd2K7mWGbKERmvOEQh8jnMfvZIjI1WEsN4/kkABxjegEuw3NOKMK0buzEweNf1EFHNNDq0c9ELgi9FiHRnClHIRB/JBIVYYf0Rn0T41ItZwdCRg==]]></Encrypt>
</xml>

19:23:20 _GET: Key: appid; Value: /wx570bc396a51b8ff8
19:23:20 _GET: Key: signature; Value: fed267212c1491cf55e45b52e14cd02b0b661f6c
19:23:20 _GET: Key: timestamp; Value: 1465298604
19:23:20 _GET: Key: nonce; Value: 1151512413
19:23:20 _GET: Key: openid; Value: ozy4qt1eDxSxzCr0aNT0mXCWfrDE
19:23:20 _GET: Key: encrypt_type; Value: aes
19:23:20 _GET: Key: msg_signature; Value: 6f01a2de4c937392b2f968d21f323a55bc3bc587
19:23:27 http://open.daoqidata.com/wxopen/msg.php?appid=/wx570bc396a51b8ff8&signature=d9bf65f119d0203cef5bf0932b0bd7cc0eae7d5a&timestamp=1465298611&nonce=1326737676&openid=ozy4qt1eDxSxzCr0aNT0mXCWfrDE&encrypt_type=aes&msg_signature=4dd2ddd7526d5f09993bc2cee1caa3c4bacf7dda
19:23:27 <xml>
    <ToUserName><![CDATA[gh_3c884a361561]]></ToUserName>
    <Encrypt><![CDATA[fLrFTObb9ui6qaar8OMXn2mDqV8s6r/pEYX21y7meAb8RxpDV+gifDXW6ZGn+n6GYfGAy2GWxmOe40EjtH5yb6fijqinpWLAMBAM6PazhoC9eaBZaBodkiixsmiq8N1vYVOfEq5Q8fLY8k769nwly/rrKzR746BRBTvkeQjT+IDsrhziVVHPE0Qdbb3JQ27pwz6FCK1+w/rvl52w6VdYITV1Ic1QTSo70eLc0cfWy0aC9sxR+RogK9R/8t5FccxSze3X8qwj97ioxNf2ViQnfV9eUciJJT5FbTeMItK1q3/ArTXI1liiwzcybRL2y5HHB/LTUmht9BXmxxuOc/hBlomJIzOzUdtxf6VkAk9giAkvUfEn3Q4g4G+lvu2gsOYRKR7KIxv7SJSN7x4WhZb6XdrAc06sJvJ13zOgCq06Joo5kWEjKwtndM9dt7+WizCJp4EYVx9EsJ2X+CUv0x13hw==]]></Encrypt>
</xml>

19:23:27 _GET: Key: appid; Value: /wx570bc396a51b8ff8
19:23:27 _GET: Key: signature; Value: d9bf65f119d0203cef5bf0932b0bd7cc0eae7d5a
19:23:27 _GET: Key: timestamp; Value: 1465298611
19:23:27 _GET: Key: nonce; Value: 1326737676
19:23:27 _GET: Key: openid; Value: ozy4qt1eDxSxzCr0aNT0mXCWfrDE
19:23:27 _GET: Key: encrypt_type; Value: aes
19:23:27 _GET: Key: msg_signature; Value: 4dd2ddd7526d5f09993bc2cee1caa3c4bacf7dda
19:23:33 http://open.daoqidata.com/wxopen/msg.php?appid=/wx570bc396a51b8ff8&signature=1f3f44f348089431dde18b27c28cb5a39b7ea874&timestamp=1465298617&nonce=1086911461&openid=ozy4qt1eDxSxzCr0aNT0mXCWfrDE&encrypt_type=aes&msg_signature=382b98724978f922c62ba4dc7683cd63616df5fd
19:23:33 <xml>
    <ToUserName><![CDATA[gh_3c884a361561]]></ToUserName>
    <Encrypt><![CDATA[/yRuJqNoLIxWriZoh54X64Wpq5B5fqub+qGvaPCAkpp0u0S1dudXOTKhzj79IeDXnA7WOAsMTvJAWzMWF+Ob9p6HFg9pq+rSkBdZhR+W9oticJU11nsH6cNmoIp49us4S+KdxOTytxPVB5Fs5M/TZVqmzpr/Q/v4dqWCB8O6jLJGWmn+YUlzDfGu0zn8VQRpyyrZ51DAshz43SvXyBW3h080W8VSDCrmYWdDt0dNNig+ZzwVN3YmUONAKgSE5HIjVpFRHgxn5tvBwED8UKETL64asdxby/2fYAmJEqlM3AYLCmQ3t1d1YZGoFZcADuWPnyKCt05V+eXS3O/zHP0XOPZfCNIu9JK7vHDpr/Y4cHQdp24eLObM1f3b9zuJE1/ffmhIDXiGEHw3Oubpifw9hYYCszgC8iaDH+wnOsc2jCyY9pWSuVbaOm/WqnOe9JaeTQlvwShxnEnd+3SKkHyl0gdPMsy4Ds+edLg0Hxr9QN4Rk1NQ9XiNqeUOWOQIjumB]]></Encrypt>
</xml>

19:23:33 _GET: Key: appid; Value: /wx570bc396a51b8ff8
19:23:33 _GET: Key: signature; Value: 1f3f44f348089431dde18b27c28cb5a39b7ea874
19:23:33 _GET: Key: timestamp; Value: 1465298617
19:23:33 _GET: Key: nonce; Value: 1086911461
19:23:33 _GET: Key: openid; Value: ozy4qt1eDxSxzCr0aNT0mXCWfrDE
19:23:33 _GET: Key: encrypt_type; Value: aes
19:23:33 _GET: Key: msg_signature; Value: 382b98724978f922c62ba4dc7683cd63616df5fd
